<?xml version="1.0" encoding="UTF-8" ?>
<testsuite failures="0" time="0.725" errors="0" skipped="0" tests="1" name="org.codeartisans.qipki.ca.http.QiPkiHttpCaClientTest">
  <properties>
    <property name="java.runtime.name" value="Java(TM) SE Runtime Environment"/>
    <property name="sun.boot.library.path" value="/opt/sun-jdk-1.6.0.21/jre/lib/i386"/>
    <property name="java.vm.version" value="17.0-b16"/>
    <property name="java.vm.vendor" value="Sun Microsystems Inc."/>
    <property name="java.vendor.url" value="http://java.sun.com/"/>
    <property name="path.separator" value=":"/>
    <property name="java.vm.name" value="Java HotSpot(TM) Server VM"/>
    <property name="file.encoding.pkg" value="sun.io"/>
    <property name="user.country" value="FR"/>
    <property name="sun.java.launcher" value="SUN_STANDARD"/>
    <property name="sun.os.patch.level" value="unknown"/>
    <property name="java.vm.specification.name" value="Java Virtual Machine Specification"/>
    <property name="user.dir" value="/home/paul/src/codeartisans/qipki/ca-http"/>
    <property name="java.runtime.version" value="1.6.0_21-b06"/>
    <property name="java.awt.graphicsenv" value="sun.awt.X11GraphicsEnvironment"/>
    <property name="basedir" value="/home/paul/src/codeartisans/qipki/ca-http"/>
    <property name="java.endorsed.dirs" value="/opt/sun-jdk-1.6.0.21/jre/lib/endorsed"/>
    <property name="os.arch" value="i386"/>
    <property name="surefire.real.class.path" value="/tmp/surefirebooter6342764267061666537.jar"/>
    <property name="java.io.tmpdir" value="/tmp"/>
    <property name="line.separator" value="
"/>
    <property name="java.vm.specification.vendor" value="Sun Microsystems Inc."/>
    <property name="os.name" value="Linux"/>
    <property name="sun.jnu.encoding" value="UTF-8"/>
    <property name="java.library.path" value="/opt/sun-jdk-1.6.0.21/jre/lib/i386/server:/opt/sun-jdk-1.6.0.21/jre/lib/i386:/opt/sun-jdk-1.6.0.21/jre/../lib/i386:/usr/java/packages/lib/i386:/lib:/usr/lib"/>
    <property name="surefire.test.class.path" value="/home/paul/src/codeartisans/qipki/ca-http/target/test-classes:/home/paul/src/codeartisans/qipki/ca-http/target/classes:/home/paul/src/codeartisans/qipki/ca/target/qipki-ca-0.1-SNAPSHOT.jar:/home/paul/src/codeartisans/qipki/core/target/qipki-core-0.1-SNAPSHOT.jar:/home/paul/.m2/repository/org/codeartisans/java/java-toolbox/1.1-SNAPSHOT/java-toolbox-1.1-SNAPSHOT.jar:/home/paul/.m2/repository/org/qi4j/extension/qi4j-entitystore-sql/1.2-SNAPSHOT/qi4j-entitystore-sql-1.2-SNAPSHOT.jar:/home/paul/.m2/repository/org/qi4j/library/qi4j-lib-locking/1.2-SNAPSHOT/qi4j-lib-locking-1.2-SNAPSHOT.jar:/home/paul/.m2/repository/org/qi4j/library/qi4j-lib-sql-api/1.2-SNAPSHOT/qi4j-lib-sql-api-1.2-SNAPSHOT.jar:/home/paul/.m2/repository/com/octo/java-sql-dsl/java-sql-dsl/0.1.1/java-sql-dsl-0.1.1.jar:/home/paul/.m2/repository/commons-collections/commons-collections/3.2.1/commons-collections-3.2.1.jar:/home/paul/.m2/repository/commons-lang/commons-lang/2.4/commons-lang-2.4.jar:/home/paul/.m2/repository/org/qi4j/library/qi4j-lib-rdf/1.2-SNAPSHOT/qi4j-lib-rdf-1.2-SNAPSHOT.jar:/home/paul/.m2/repository/org/openrdf/sesame/sesame-model/2.3.0/sesame-model-2.3.0.jar:/home/paul/.m2/repository/info/aduna/commons/aduna-commons-collections/2.6.0/aduna-commons-collections-2.6.0.jar:/home/paul/.m2/repository/info/aduna/commons/aduna-commons-i18n/1.2.0/aduna-commons-i18n-1.2.0.jar:/home/paul/.m2/repository/org/openrdf/sesame/sesame-rio-n3/2.3.0/sesame-rio-n3-2.3.0.jar:/home/paul/.m2/repository/org/openrdf/sesame/sesame-rio-api/2.3.0/sesame-rio-api-2.3.0.jar:/home/paul/.m2/repository/info/aduna/commons/aduna-commons-lang/2.7.0/aduna-commons-lang-2.7.0.jar:/home/paul/.m2/repository/org/openrdf/sesame/sesame-rio-turtle/2.3.0/sesame-rio-turtle-2.3.0.jar:/home/paul/.m2/repository/info/aduna/commons/aduna-commons-text/2.5.0/aduna-commons-text-2.5.0.jar:/home/paul/.m2/repository/org/openrdf/sesame/sesame-query/2.3.0/sesame-query-2.3.0.jar:/home/paul/.m2/repository/org/openrdf/sesame/sesame-queryalgebra-model/2.3.0/sesame-queryalgebra-model-2.3.0.jar:/home/paul/.m2/repository/org/openrdf/sesame/sesame-queryparser-api/2.3.0/sesame-queryparser-api-2.3.0.jar:/home/paul/.m2/repository/org/openrdf/sesame/sesame-queryparser-serql/2.3.0/sesame-queryparser-serql-2.3.0.jar:/home/paul/.m2/repository/org/openrdf/sesame/sesame-queryparser-sparql/2.3.0/sesame-queryparser-sparql-2.3.0.jar:/home/paul/.m2/repository/org/openrdf/sesame/sesame-queryresultio-api/2.3.0/sesame-queryresultio-api-2.3.0.jar:/home/paul/.m2/repository/org/openrdf/sesame/sesame-queryresultio-binary/2.3.0/sesame-queryresultio-binary-2.3.0.jar:/home/paul/.m2/repository/org/openrdf/sesame/sesame-queryresultio-sparqljson/2.3.0/sesame-queryresultio-sparqljson-2.3.0.jar:/home/paul/.m2/repository/org/openrdf/sesame/sesame-queryresultio-sparqlxml/2.3.0/sesame-queryresultio-sparqlxml-2.3.0.jar:/home/paul/.m2/repository/org/openrdf/sesame/sesame-queryresultio-text/2.3.0/sesame-queryresultio-text-2.3.0.jar:/home/paul/.m2/repository/org/openrdf/sesame/sesame-repository-api/2.3.0/sesame-repository-api-2.3.0.jar:/home/paul/.m2/repository/org/openrdf/sesame/sesame-repository-manager/2.3.0/sesame-repository-manager-2.3.0.jar:/home/paul/.m2/repository/org/openrdf/sesame/sesame-repository-event/2.3.0/sesame-repository-event-2.3.0.jar:/home/paul/.m2/repository/org/openrdf/sesame/sesame-repository-sail/2.3.0/sesame-repository-sail-2.3.0.jar:/home/paul/.m2/repository/org/openrdf/sesame/sesame-repository-contextaware/2.3.0/sesame-repository-contextaware-2.3.0.jar:/home/paul/.m2/repository/org/openrdf/sesame/sesame-http-protocol/2.3.0/sesame-http-protocol-2.3.0.jar:/home/paul/.m2/repository/org/openrdf/sesame/sesame-http-client/2.3.0/sesame-http-client-2.3.0.jar:/home/paul/.m2/repository/commons-httpclient/commons-httpclient/3.1/commons-httpclient-3.1.jar:/home/paul/.m2/repository/org/openrdf/sesame/sesame-rio-ntriples/2.3.0/sesame-rio-ntriples-2.3.0.jar:/home/paul/.m2/repository/org/openrdf/sesame/sesame-rio-trix/2.3.0/sesame-rio-trix-2.3.0.jar:/home/paul/.m2/repository/org/openrdf/sesame/sesame-rio-trig/2.3.0/sesame-rio-trig-2.3.0.jar:/home/paul/.m2/repository/org/openrdf/sesame/sesame-sail-api/2.3.0/sesame-sail-api-2.3.0.jar:/home/paul/.m2/repository/org/openrdf/sesame/sesame-sail-inferencer/2.3.0/sesame-sail-inferencer-2.3.0.jar:/home/paul/.m2/repository/org/openrdf/sesame/sesame-sail-memory/2.3.0/sesame-sail-memory-2.3.0.jar:/home/paul/.m2/repository/org/openrdf/sesame/sesame-sail-nativerdf/2.3.0/sesame-sail-nativerdf-2.3.0.jar:/home/paul/.m2/repository/org/openrdf/sesame/sesame-queryalgebra-evaluation/2.3.0/sesame-queryalgebra-evaluation-2.3.0.jar:/home/paul/.m2/repository/info/aduna/commons/aduna-commons-io/2.7.0/aduna-commons-io-2.7.0.jar:/home/paul/.m2/repository/info/aduna/commons/aduna-commons-iteration/2.6.0/aduna-commons-iteration-2.6.0.jar:/home/paul/.m2/repository/info/aduna/commons/aduna-commons-concurrent/2.5.0/aduna-commons-concurrent-2.5.0.jar:/home/paul/.m2/repository/org/openrdf/sesame/sesame-sail-rdbms/2.3.0/sesame-sail-rdbms-2.3.0.jar:/home/paul/.m2/repository/commons-dbcp/commons-dbcp/1.2.2/commons-dbcp-1.2.2.jar:/home/paul/.m2/repository/commons-pool/commons-pool/1.3/commons-pool-1.3.jar:/home/paul/.m2/repository/org/openrdf/sesame/sesame-repository-http/2.3.0/sesame-repository-http-2.3.0.jar:/home/paul/.m2/repository/org/openrdf/sesame/sesame-repository-dataset/2.3.0/sesame-repository-dataset-2.3.0.jar:/home/paul/.m2/repository/org/openrdf/sesame/sesame-rio-rdfxml/2.3.0/sesame-rio-rdfxml-2.3.0.jar:/home/paul/.m2/repository/info/aduna/commons/aduna-commons-net/2.5.0/aduna-commons-net-2.5.0.jar:/home/paul/.m2/repository/info/aduna/commons/aduna-commons-xml/2.5.0/aduna-commons-xml-2.5.0.jar:/home/paul/.m2/repository/org/qi4j/extension/qi4j-indexing-rdf/1.2-SNAPSHOT/qi4j-indexing-rdf-1.2-SNAPSHOT.jar:/home/paul/.m2/repository/org/qi4j/extension/qi4j-reindexer/1.2-SNAPSHOT/qi4j-reindexer-1.2-SNAPSHOT.jar:/home/paul/src/codeartisans/qipki/commons/target/qipki-commons-0.1-SNAPSHOT.jar:/home/paul/src/codeartisans/qipki/crypto/target/qipki-crypto-0.1-SNAPSHOT.jar:/home/paul/.m2/repository/org/qi4j/core/qi4j-core-runtime/1.2-SNAPSHOT/qi4j-core-runtime-1.2-SNAPSHOT.jar:/home/paul/.m2/repository/org/qi4j/core/qi4j-core-spi/1.2-SNAPSHOT/qi4j-core-spi-1.2-SNAPSHOT.jar:/home/paul/.m2/repository/asm/asm/3.2/asm-3.2.jar:/home/paul/.m2/repository/asm/asm-commons/3.2/asm-commons-3.2.jar:/home/paul/.m2/repository/asm/asm-tree/3.2/asm-tree-3.2.jar:/home/paul/.m2/repository/org/osgi/org.osgi.core/4.2.0/org.osgi.core-4.2.0.jar:/home/paul/.m2/repository/org/qi4j/library/qi4j-lib-http/1.2-SNAPSHOT/qi4j-lib-http-1.2-SNAPSHOT.jar:/home/paul/.m2/repository/org/qi4j/core/qi4j-core-api/1.2-SNAPSHOT/qi4j-core-api-1.2-SNAPSHOT.jar:/home/paul/.m2/repository/org/qi4j/core/qi4j-core-bootstrap/1.2-SNAPSHOT/qi4j-core-bootstrap-1.2-SNAPSHOT.jar:/home/paul/.m2/repository/org/qi4j/library/qi4j-lib-constraints/1.2-SNAPSHOT/qi4j-lib-constraints-1.2-SNAPSHOT.jar:/home/paul/.m2/repository/org/mortbay/jetty/jetty/6.1.22/jetty-6.1.22.jar:/home/paul/.m2/repository/org/mortbay/jetty/servlet-api/2.5-20081211/servlet-api-2.5-20081211.jar:/home/paul/.m2/repository/org/mortbay/jetty/jetty-util/6.1.22/jetty-util-6.1.22.jar:/home/paul/.m2/repository/javax/servlet/servlet-api/2.4/servlet-api-2.4.jar:/home/paul/.m2/repository/org/restlet/jee/org.restlet/2.0-M6/org.restlet-2.0-M6.jar:/home/paul/.m2/repository/org/restlet/jee/org.restlet.ext.xml/2.0-M6/org.restlet.ext.xml-2.0-M6.jar:/home/paul/.m2/repository/org/restlet/jee/org.restlet.ext.servlet/2.0-M6/org.restlet.ext.servlet-2.0-M6.jar:/home/paul/.m2/repository/org/restlet/org.restlet.ext.fileupload/2.0-M3/org.restlet.ext.fileupload-2.0-M3.jar:/home/paul/.m2/repository/org/restlet/org.restlet/2.0-M3/org.restlet-2.0-M3.jar:/home/paul/.m2/repository/org/osgi/osgi_R4_core/1.0/osgi_R4_core-1.0.jar:/home/paul/.m2/repository/commons-fileupload/commons-fileupload/1.2/commons-fileupload-1.2.jar:/home/paul/.m2/repository/org/apache/shiro/shiro-web/1.1.0-incubating-SNAPSHOT/shiro-web-1.1.0-incubating-SNAPSHOT.jar:/home/paul/.m2/repository/org/apache/shiro/shiro-core/1.1.0-incubating-SNAPSHOT/shiro-core-1.1.0-incubating-SNAPSHOT.jar:/home/paul/.m2/repository/commons-beanutils/commons-beanutils/1.7.0/commons-beanutils-1.7.0.jar:/home/paul/.m2/repository/org/qi4j/library/qi4j-lib-shiro/1.2-SNAPSHOT/qi4j-lib-shiro-1.2-SNAPSHOT.jar:/home/paul/.m2/repository/org/bouncycastle/bcprov-jdk16/1.45/bcprov-jdk16-1.45.jar:/home/paul/.m2/repository/joda-time/joda-time/1.6/joda-time-1.6.jar:/home/paul/.m2/repository/org/slf4j/jul-to-slf4j/1.6.0/jul-to-slf4j-1.6.0.jar:/home/paul/.m2/repository/org/slf4j/slf4j-api/1.6.0/slf4j-api-1.6.0.jar:/home/paul/.m2/repository/org/slf4j/jcl-over-slf4j/1.6.0/jcl-over-slf4j-1.6.0.jar:/home/paul/.m2/repository/org/slf4j/log4j-over-slf4j/1.6.0/log4j-over-slf4j-1.6.0.jar:/home/paul/src/codeartisans/qipki/testsupport/target/qipki-testsupport-0.1-SNAPSHOT.jar:/home/paul/.m2/repository/org/qi4j/core/qi4j-core-testsupport/1.2-SNAPSHOT/qi4j-core-testsupport-1.2-SNAPSHOT.jar:/home/paul/.m2/repository/org/apache/httpcomponents/httpclient/4.1-alpha1/httpclient-4.1-alpha1.jar:/home/paul/.m2/repository/org/apache/httpcomponents/httpcore/4.1-alpha1/httpcore-4.1-alpha1.jar:/home/paul/.m2/repository/commons-logging/commons-logging/1.1.1/commons-logging-1.1.1.jar:/home/paul/.m2/repository/commons-codec/commons-codec/1.3/commons-codec-1.3.jar:/home/paul/.m2/repository/junit/junit/4.7/junit-4.7.jar:/home/paul/src/codeartisans/qipki/ca-client/target/qipki-ca-client-0.1-SNAPSHOT.jar:/home/paul/.m2/repository/ch/qos/logback/logback-classic/0.9.24/logback-classic-0.9.24.jar:/home/paul/.m2/repository/ch/qos/logback/logback-core/0.9.24/logback-core-0.9.24.jar:"/>
    <property name="java.specification.name" value="Java Platform API Specification"/>
    <property name="java.class.version" value="50.0"/>
    <property name="sun.management.compiler" value="HotSpot Tiered Compilers"/>
    <property name="os.version" value="2.6.33-tuxonice-r2"/>
    <property name="user.home" value="/home/paul"/>
    <property name="user.timezone" value="Europe/Paris"/>
    <property name="java.awt.printerjob" value="sun.print.PSPrinterJob"/>
    <property name="file.encoding" value="UTF-8"/>
    <property name="java.specification.version" value="1.6"/>
    <property name="user.name" value="paul"/>
    <property name="java.class.path" value="/home/paul/src/codeartisans/qipki/ca-http/target/test-classes:/home/paul/src/codeartisans/qipki/ca-http/target/classes:/home/paul/src/codeartisans/qipki/ca/target/qipki-ca-0.1-SNAPSHOT.jar:/home/paul/src/codeartisans/qipki/core/target/qipki-core-0.1-SNAPSHOT.jar:/home/paul/.m2/repository/org/codeartisans/java/java-toolbox/1.1-SNAPSHOT/java-toolbox-1.1-SNAPSHOT.jar:/home/paul/.m2/repository/org/qi4j/extension/qi4j-entitystore-sql/1.2-SNAPSHOT/qi4j-entitystore-sql-1.2-SNAPSHOT.jar:/home/paul/.m2/repository/org/qi4j/library/qi4j-lib-locking/1.2-SNAPSHOT/qi4j-lib-locking-1.2-SNAPSHOT.jar:/home/paul/.m2/repository/org/qi4j/library/qi4j-lib-sql-api/1.2-SNAPSHOT/qi4j-lib-sql-api-1.2-SNAPSHOT.jar:/home/paul/.m2/repository/com/octo/java-sql-dsl/java-sql-dsl/0.1.1/java-sql-dsl-0.1.1.jar:/home/paul/.m2/repository/commons-collections/commons-collections/3.2.1/commons-collections-3.2.1.jar:/home/paul/.m2/repository/commons-lang/commons-lang/2.4/commons-lang-2.4.jar:/home/paul/.m2/repository/org/qi4j/library/qi4j-lib-rdf/1.2-SNAPSHOT/qi4j-lib-rdf-1.2-SNAPSHOT.jar:/home/paul/.m2/repository/org/openrdf/sesame/sesame-model/2.3.0/sesame-model-2.3.0.jar:/home/paul/.m2/repository/info/aduna/commons/aduna-commons-collections/2.6.0/aduna-commons-collections-2.6.0.jar:/home/paul/.m2/repository/info/aduna/commons/aduna-commons-i18n/1.2.0/aduna-commons-i18n-1.2.0.jar:/home/paul/.m2/repository/org/openrdf/sesame/sesame-rio-n3/2.3.0/sesame-rio-n3-2.3.0.jar:/home/paul/.m2/repository/org/openrdf/sesame/sesame-rio-api/2.3.0/sesame-rio-api-2.3.0.jar:/home/paul/.m2/repository/info/aduna/commons/aduna-commons-lang/2.7.0/aduna-commons-lang-2.7.0.jar:/home/paul/.m2/repository/org/openrdf/sesame/sesame-rio-turtle/2.3.0/sesame-rio-turtle-2.3.0.jar:/home/paul/.m2/repository/info/aduna/commons/aduna-commons-text/2.5.0/aduna-commons-text-2.5.0.jar:/home/paul/.m2/repository/org/openrdf/sesame/sesame-query/2.3.0/sesame-query-2.3.0.jar:/home/paul/.m2/repository/org/openrdf/sesame/sesame-queryalgebra-model/2.3.0/sesame-queryalgebra-model-2.3.0.jar:/home/paul/.m2/repository/org/openrdf/sesame/sesame-queryparser-api/2.3.0/sesame-queryparser-api-2.3.0.jar:/home/paul/.m2/repository/org/openrdf/sesame/sesame-queryparser-serql/2.3.0/sesame-queryparser-serql-2.3.0.jar:/home/paul/.m2/repository/org/openrdf/sesame/sesame-queryparser-sparql/2.3.0/sesame-queryparser-sparql-2.3.0.jar:/home/paul/.m2/repository/org/openrdf/sesame/sesame-queryresultio-api/2.3.0/sesame-queryresultio-api-2.3.0.jar:/home/paul/.m2/repository/org/openrdf/sesame/sesame-queryresultio-binary/2.3.0/sesame-queryresultio-binary-2.3.0.jar:/home/paul/.m2/repository/org/openrdf/sesame/sesame-queryresultio-sparqljson/2.3.0/sesame-queryresultio-sparqljson-2.3.0.jar:/home/paul/.m2/repository/org/openrdf/sesame/sesame-queryresultio-sparqlxml/2.3.0/sesame-queryresultio-sparqlxml-2.3.0.jar:/home/paul/.m2/repository/org/openrdf/sesame/sesame-queryresultio-text/2.3.0/sesame-queryresultio-text-2.3.0.jar:/home/paul/.m2/repository/org/openrdf/sesame/sesame-repository-api/2.3.0/sesame-repository-api-2.3.0.jar:/home/paul/.m2/repository/org/openrdf/sesame/sesame-repository-manager/2.3.0/sesame-repository-manager-2.3.0.jar:/home/paul/.m2/repository/org/openrdf/sesame/sesame-repository-event/2.3.0/sesame-repository-event-2.3.0.jar:/home/paul/.m2/repository/org/openrdf/sesame/sesame-repository-sail/2.3.0/sesame-repository-sail-2.3.0.jar:/home/paul/.m2/repository/org/openrdf/sesame/sesame-repository-contextaware/2.3.0/sesame-repository-contextaware-2.3.0.jar:/home/paul/.m2/repository/org/openrdf/sesame/sesame-http-protocol/2.3.0/sesame-http-protocol-2.3.0.jar:/home/paul/.m2/repository/org/openrdf/sesame/sesame-http-client/2.3.0/sesame-http-client-2.3.0.jar:/home/paul/.m2/repository/commons-httpclient/commons-httpclient/3.1/commons-httpclient-3.1.jar:/home/paul/.m2/repository/org/openrdf/sesame/sesame-rio-ntriples/2.3.0/sesame-rio-ntriples-2.3.0.jar:/home/paul/.m2/repository/org/openrdf/sesame/sesame-rio-trix/2.3.0/sesame-rio-trix-2.3.0.jar:/home/paul/.m2/repository/org/openrdf/sesame/sesame-rio-trig/2.3.0/sesame-rio-trig-2.3.0.jar:/home/paul/.m2/repository/org/openrdf/sesame/sesame-sail-api/2.3.0/sesame-sail-api-2.3.0.jar:/home/paul/.m2/repository/org/openrdf/sesame/sesame-sail-inferencer/2.3.0/sesame-sail-inferencer-2.3.0.jar:/home/paul/.m2/repository/org/openrdf/sesame/sesame-sail-memory/2.3.0/sesame-sail-memory-2.3.0.jar:/home/paul/.m2/repository/org/openrdf/sesame/sesame-sail-nativerdf/2.3.0/sesame-sail-nativerdf-2.3.0.jar:/home/paul/.m2/repository/org/openrdf/sesame/sesame-queryalgebra-evaluation/2.3.0/sesame-queryalgebra-evaluation-2.3.0.jar:/home/paul/.m2/repository/info/aduna/commons/aduna-commons-io/2.7.0/aduna-commons-io-2.7.0.jar:/home/paul/.m2/repository/info/aduna/commons/aduna-commons-iteration/2.6.0/aduna-commons-iteration-2.6.0.jar:/home/paul/.m2/repository/info/aduna/commons/aduna-commons-concurrent/2.5.0/aduna-commons-concurrent-2.5.0.jar:/home/paul/.m2/repository/org/openrdf/sesame/sesame-sail-rdbms/2.3.0/sesame-sail-rdbms-2.3.0.jar:/home/paul/.m2/repository/commons-dbcp/commons-dbcp/1.2.2/commons-dbcp-1.2.2.jar:/home/paul/.m2/repository/commons-pool/commons-pool/1.3/commons-pool-1.3.jar:/home/paul/.m2/repository/org/openrdf/sesame/sesame-repository-http/2.3.0/sesame-repository-http-2.3.0.jar:/home/paul/.m2/repository/org/openrdf/sesame/sesame-repository-dataset/2.3.0/sesame-repository-dataset-2.3.0.jar:/home/paul/.m2/repository/org/openrdf/sesame/sesame-rio-rdfxml/2.3.0/sesame-rio-rdfxml-2.3.0.jar:/home/paul/.m2/repository/info/aduna/commons/aduna-commons-net/2.5.0/aduna-commons-net-2.5.0.jar:/home/paul/.m2/repository/info/aduna/commons/aduna-commons-xml/2.5.0/aduna-commons-xml-2.5.0.jar:/home/paul/.m2/repository/org/qi4j/extension/qi4j-indexing-rdf/1.2-SNAPSHOT/qi4j-indexing-rdf-1.2-SNAPSHOT.jar:/home/paul/.m2/repository/org/qi4j/extension/qi4j-reindexer/1.2-SNAPSHOT/qi4j-reindexer-1.2-SNAPSHOT.jar:/home/paul/src/codeartisans/qipki/commons/target/qipki-commons-0.1-SNAPSHOT.jar:/home/paul/src/codeartisans/qipki/crypto/target/qipki-crypto-0.1-SNAPSHOT.jar:/home/paul/.m2/repository/org/qi4j/core/qi4j-core-runtime/1.2-SNAPSHOT/qi4j-core-runtime-1.2-SNAPSHOT.jar:/home/paul/.m2/repository/org/qi4j/core/qi4j-core-spi/1.2-SNAPSHOT/qi4j-core-spi-1.2-SNAPSHOT.jar:/home/paul/.m2/repository/asm/asm/3.2/asm-3.2.jar:/home/paul/.m2/repository/asm/asm-commons/3.2/asm-commons-3.2.jar:/home/paul/.m2/repository/asm/asm-tree/3.2/asm-tree-3.2.jar:/home/paul/.m2/repository/org/osgi/org.osgi.core/4.2.0/org.osgi.core-4.2.0.jar:/home/paul/.m2/repository/org/qi4j/library/qi4j-lib-http/1.2-SNAPSHOT/qi4j-lib-http-1.2-SNAPSHOT.jar:/home/paul/.m2/repository/org/qi4j/core/qi4j-core-api/1.2-SNAPSHOT/qi4j-core-api-1.2-SNAPSHOT.jar:/home/paul/.m2/repository/org/qi4j/core/qi4j-core-bootstrap/1.2-SNAPSHOT/qi4j-core-bootstrap-1.2-SNAPSHOT.jar:/home/paul/.m2/repository/org/qi4j/library/qi4j-lib-constraints/1.2-SNAPSHOT/qi4j-lib-constraints-1.2-SNAPSHOT.jar:/home/paul/.m2/repository/org/mortbay/jetty/jetty/6.1.22/jetty-6.1.22.jar:/home/paul/.m2/repository/org/mortbay/jetty/servlet-api/2.5-20081211/servlet-api-2.5-20081211.jar:/home/paul/.m2/repository/org/mortbay/jetty/jetty-util/6.1.22/jetty-util-6.1.22.jar:/home/paul/.m2/repository/javax/servlet/servlet-api/2.4/servlet-api-2.4.jar:/home/paul/.m2/repository/org/restlet/jee/org.restlet/2.0-M6/org.restlet-2.0-M6.jar:/home/paul/.m2/repository/org/restlet/jee/org.restlet.ext.xml/2.0-M6/org.restlet.ext.xml-2.0-M6.jar:/home/paul/.m2/repository/org/restlet/jee/org.restlet.ext.servlet/2.0-M6/org.restlet.ext.servlet-2.0-M6.jar:/home/paul/.m2/repository/org/restlet/org.restlet.ext.fileupload/2.0-M3/org.restlet.ext.fileupload-2.0-M3.jar:/home/paul/.m2/repository/org/restlet/org.restlet/2.0-M3/org.restlet-2.0-M3.jar:/home/paul/.m2/repository/org/osgi/osgi_R4_core/1.0/osgi_R4_core-1.0.jar:/home/paul/.m2/repository/commons-fileupload/commons-fileupload/1.2/commons-fileupload-1.2.jar:/home/paul/.m2/repository/org/apache/shiro/shiro-web/1.1.0-incubating-SNAPSHOT/shiro-web-1.1.0-incubating-SNAPSHOT.jar:/home/paul/.m2/repository/org/apache/shiro/shiro-core/1.1.0-incubating-SNAPSHOT/shiro-core-1.1.0-incubating-SNAPSHOT.jar:/home/paul/.m2/repository/commons-beanutils/commons-beanutils/1.7.0/commons-beanutils-1.7.0.jar:/home/paul/.m2/repository/org/qi4j/library/qi4j-lib-shiro/1.2-SNAPSHOT/qi4j-lib-shiro-1.2-SNAPSHOT.jar:/home/paul/.m2/repository/org/bouncycastle/bcprov-jdk16/1.45/bcprov-jdk16-1.45.jar:/home/paul/.m2/repository/joda-time/joda-time/1.6/joda-time-1.6.jar:/home/paul/.m2/repository/org/slf4j/jul-to-slf4j/1.6.0/jul-to-slf4j-1.6.0.jar:/home/paul/.m2/repository/org/slf4j/slf4j-api/1.6.0/slf4j-api-1.6.0.jar:/home/paul/.m2/repository/org/slf4j/jcl-over-slf4j/1.6.0/jcl-over-slf4j-1.6.0.jar:/home/paul/.m2/repository/org/slf4j/log4j-over-slf4j/1.6.0/log4j-over-slf4j-1.6.0.jar:/home/paul/src/codeartisans/qipki/testsupport/target/qipki-testsupport-0.1-SNAPSHOT.jar:/home/paul/.m2/repository/org/qi4j/core/qi4j-core-testsupport/1.2-SNAPSHOT/qi4j-core-testsupport-1.2-SNAPSHOT.jar:/home/paul/.m2/repository/org/apache/httpcomponents/httpclient/4.1-alpha1/httpclient-4.1-alpha1.jar:/home/paul/.m2/repository/org/apache/httpcomponents/httpcore/4.1-alpha1/httpcore-4.1-alpha1.jar:/home/paul/.m2/repository/commons-logging/commons-logging/1.1.1/commons-logging-1.1.1.jar:/home/paul/.m2/repository/commons-codec/commons-codec/1.3/commons-codec-1.3.jar:/home/paul/.m2/repository/junit/junit/4.7/junit-4.7.jar:/home/paul/src/codeartisans/qipki/ca-client/target/qipki-ca-client-0.1-SNAPSHOT.jar:/home/paul/.m2/repository/ch/qos/logback/logback-classic/0.9.24/logback-classic-0.9.24.jar:/home/paul/.m2/repository/ch/qos/logback/logback-core/0.9.24/logback-core-0.9.24.jar:"/>
    <property name="java.vm.specification.version" value="1.0"/>
    <property name="sun.arch.data.model" value="32"/>
    <property name="java.home" value="/opt/sun-jdk-1.6.0.21/jre"/>
    <property name="java.specification.vendor" value="Sun Microsystems Inc."/>
    <property name="user.language" value="fr"/>
    <property name="java.vm.info" value="mixed mode"/>
    <property name="java.version" value="1.6.0_21"/>
    <property name="java.ext.dirs" value="/opt/sun-jdk-1.6.0.21/jre/lib/ext:/usr/java/packages/lib/ext"/>
    <property name="sun.boot.class.path" value="/opt/sun-jdk-1.6.0.21/jre/lib/resources.jar:/opt/sun-jdk-1.6.0.21/jre/lib/rt.jar:/opt/sun-jdk-1.6.0.21/jre/lib/sunrsasign.jar:/opt/sun-jdk-1.6.0.21/jre/lib/jsse.jar:/opt/sun-jdk-1.6.0.21/jre/lib/jce.jar:/opt/sun-jdk-1.6.0.21/jre/lib/charsets.jar:/opt/sun-jdk-1.6.0.21/jre/classes"/>
    <property name="java.vendor" value="Sun Microsystems Inc."/>
    <property name="localRepository" value="/home/paul/.m2/repository"/>
    <property name="file.separator" value="/"/>
    <property name="java.vendor.url.bug" value="http://java.sun.com/cgi-bin/bugreport.cgi"/>
    <property name="sun.cpu.endian" value="little"/>
    <property name="sun.io.unicode.encoding" value="UnicodeLittle"/>
    <property name="sun.cpu.isalist" value=""/>
  </properties>
  <testcase time="0.722" classname="org.codeartisans.qipki.ca.http.QiPkiHttpCaClientTest" name="test"/>
</testsuite>